2025-12-05 15:28:01 [main] TRACE org.testng.internal.Graph - [Graph] ====== END SORTED NODES
2025-12-05 15:28:01 [main] INFO  org.testng.internal.Utils - [Utils] MethodGroupsHelper.sortMethods() took 9 ms.
2025-12-05 15:28:01 [main] INFO  org.testng.internal.Utils - [Utils] MethodGroupsHelper.collectMethodsByGroup() took 0 ms.
2025-12-05 15:28:01 [main] INFO  org.testng.internal.Utils - [Utils] MethodGroupsHelper.sortMethods() took 0 ms.
2025-12-05 15:28:01 [main] INFO  org.testng.internal.Utils - [Utils] MethodGroupsHelper.collectMethodsByGroup() took 0 ms.
2025-12-05 15:28:01 [main] INFO  org.testng.internal.Utils - [Utils] MethodGroupsHelper.sortMethods() took 0 ms.
2025-12-05 15:28:01 [main] INFO  org.testng.internal.Utils - [Utils] MethodGroupsHelper.collectMethodsByGroup() took 0 ms.
2025-12-05 15:28:01 [main] INFO  org.testng.internal.Utils - [Utils] MethodGroupsHelper.sortMethods() took 0 ms.
2025-12-05 15:28:01 [main] INFO  org.testng.internal.Utils - [Utils] MethodGroupsHelper.collectMethodsByGroup() took 0 ms.
2025-12-05 15:28:01 [main] INFO  org.testng.internal.Utils - [Utils] MethodGroupsHelper.sortMethods() took 0 ms.
2025-12-05 15:28:01 [main] INFO  org.testng.internal.Utils - [Utils] MethodGroupsHelper.collectMethodsByGroup() took 0 ms.
2025-12-05 15:28:01 [main] INFO  org.testng.internal.Utils - [Utils] MethodGroupsHelper.sortMethods() took 0 ms.
2025-12-05 15:28:01 [main] INFO  org.testng.internal.Utils - [Utils] MethodGroupsHelper.collectMethodsByGroup() took 0 ms.
2025-12-05 15:28:01 [main] INFO  org.testng.internal.Utils - [Utils] MethodGroupsHelper.sortMethods() took 0 ms.
2025-12-05 15:28:01 [main] INFO  org.testng.internal.Utils - [Utils] MethodGroupsHelper.collectMethodsByGroup() took 0 ms.
2025-12-05 15:28:01 [main] TRACE org.testng.internal.Graph - [Graph] ADDING NODE TC002_LoginTest.verifyLogin()[pri:0, instance:testCases.TC002_LoginTest@531f4093] 1444048546
2025-12-05 15:28:01 [main] TRACE org.testng.internal.Graph - [Graph] ================ SORTING
2025-12-05 15:28:01 [main] TRACE org.testng.internal.Graph - [Graph] =============== DONE SORTING
2025-12-05 15:28:01 [main] TRACE org.testng.internal.Graph - [Graph] ====== SORTED NODES
2025-12-05 15:28:01 [main] TRACE org.testng.internal.Graph - [Graph] ====== END SORTED NODES
2025-12-05 15:28:01 [main] INFO  org.testng.internal.Utils - [Utils] MethodGroupsHelper.sortMethods() took 0 ms.
2025-12-05 15:28:01 [main] INFO  org.testng.internal.Utils - [Utils] MethodGroupsHelper.collectMethodsByGroup() took 0 ms.
2025-12-05 15:28:01 [main] INFO  org.testng.internal.Utils - [Utils] MethodGroupsHelper.sortMethods() took 0 ms.
2025-12-05 15:28:01 [main] INFO  org.testng.internal.Utils - [Utils] MethodGroupsHelper.collectMethodsByGroup() took 0 ms.
2025-12-05 15:28:01 [main] INFO  org.testng.internal.Utils - [Utils] MethodGroupsHelper.sortMethods() took 0 ms.
2025-12-05 15:28:01 [main] INFO  org.testng.internal.Utils - [TestNG] Running:
  C:\Users\anura\AppData\Local\Temp\testng-eclipse-26948359\testng-customsuite.xml

2025-12-05 15:28:01 [main] INFO  org.testng.internal.Utils - [Utils] DynamicGraphHelper.createDynamicGraph() took 7 ms.
2025-12-05 15:28:01 [main] INFO  org.testng.internal.Utils - [TestNG] Time taken by org.testng.reporters.jq.Main@43aaf813: 85 ms
2025-12-05 15:28:01 [main] TRACE org.testng.internal.Graph - [Graph] ADDING NODE TC002_LoginTest.verifyLogin()[pri:0, instance:testCases.TC002_LoginTest@531f4093] 1444048546
2025-12-05 15:28:01 [main] TRACE org.testng.internal.Graph - [Graph] ================ SORTING
2025-12-05 15:28:01 [main] TRACE org.testng.internal.Graph - [Graph] =============== DONE SORTING
2025-12-05 15:28:01 [main] TRACE org.testng.internal.Graph - [Graph] ====== SORTED NODES
2025-12-05 15:28:01 [main] TRACE org.testng.internal.Graph - [Graph] ====== END SORTED NODES
2025-12-05 15:28:01 [main] INFO  org.testng.internal.Utils - [TestNG] Time taken by org.testng.reporters.FailedReporter@55342f40: 16 ms
2025-12-05 15:28:01 [main] INFO  org.testng.internal.Utils - [TestNG] Time taken by org.testng.reporters.XMLReporter@4b3a45f1: 10 ms
2025-12-05 15:28:01 [main] INFO  org.testng.internal.Utils - [TestNG] Time taken by org.testng.reporters.EmailableReporter2@45e37a7e: 17 ms
2025-12-05 15:28:01 [main] INFO  org.testng.internal.Utils - [TestNG] Time taken by org.testng.reporters.JUnitReportReporter@488eb7f2: 7 ms
2025-12-05 15:28:01 [main] INFO  org.testng.internal.Utils - [TestNG] Time taken by org.testng.internal.ExitCodeListener@5e81e5ac: 0 ms
2025-12-05 15:29:33 [main] DEBUG org.testng.TestNG - suiteXmlPath: "C:\Users\anura\Desktop\auto_frmwrk\master.xml"
2025-12-05 15:29:33 [main] TRACE org.testng.internal.Graph - [Graph] ADDING NODE BaseClass.setup(java.lang.String,java.lang.String)[pri:0, instance:null] -1422203584
2025-12-05 15:29:33 [main] TRACE org.testng.internal.Graph - [Graph] ================ SORTING
2025-12-05 15:29:33 [main] TRACE org.testng.internal.Graph - [Graph] =============== DONE SORTING
