2025-12-02 16:15:23 [main] DEBUG testCases.TC001_AccountRegistrationTest - Error details: 
2025-12-02 16:15:23 [main] INFO  org.testng.internal.Utils - [TestNG] Time taken by org.testng.reporters.jq.Main@71a3a190: 63 ms
2025-12-02 16:15:23 [main] INFO  org.testng.internal.Utils - [TestNG] Time taken by org.testng.reporters.FailedReporter@1dab9dd6: 14 ms
2025-12-02 16:15:23 [main] INFO  org.testng.internal.Utils - [TestNG] Time taken by org.testng.reporters.XMLReporter@47b2e9e1: 13 ms
2025-12-02 16:15:23 [main] INFO  org.testng.internal.Utils - [TestNG] Time taken by org.testng.reporters.EmailableReporter2@4f20a5e0: 7 ms
2025-12-02 16:15:23 [main] INFO  org.testng.internal.Utils - [TestNG] Time taken by org.testng.reporters.JUnitReportReporter@1917d90f: 8 ms
2025-12-02 16:15:23 [main] INFO  org.testng.internal.Utils - [TestNG] Time taken by org.testng.internal.ExitCodeListener@66bfd864: 0 ms
2025-12-03 14:53:27 [main] DEBUG org.testng.TestNG - suiteXmlPath: "C:\Users\anura\Desktop\auto_frmwrk\crossbrowsertesting.xml"
2025-12-03 14:53:27 [main] INFO  org.testng.internal.Utils - [TestNG] Running:
  C:\Users\anura\Desktop\auto_frmwrk\crossbrowsertesting.xml

2025-12-03 14:53:31 [TestNG-tests-1] INFO  testCases.TC001_AccountRegistrationTest - ***** Starting TC001_AccountRegistrationTest *****
2025-12-03 14:53:34 [TestNG-tests-2] INFO  testCases.TC001_AccountRegistrationTest - ***** Starting TC001_AccountRegistrationTest *****
2025-12-03 14:53:41 [TestNG-tests-1] ERROR testCases.TC001_AccountRegistrationTest - Error occurred during registration: no such element: Unable to locate element: {"method":"xpath","selector":"//*[@id="top"]/div/div[2]/ul/li[2]/div/a/span"}
  (Session info: chrome=142.0.7444.176)
For documentation on this error, please visit: https://www.selenium.dev/documentation/webdriver/troubleshooting/errors#nosuchelementexception
Build info: version: '4.38.0', revision: '6b412e825c*'
System info: os.name: 'Windows 11', os.arch: 'amd64', os.version: '10.0', java.version: '21.0.8'
Driver info: org.openqa.selenium.chrome.ChromeDriver
Command: [0a534a4a6f73ab521dbda01a68f8b23e, findElement {using=xpath, value=//*[@id="top"]/div/div[2]/ul/li[2]/div/a/span}]
Capabilities {acceptInsecureCerts: false, browserName: chrome, browserVersion: 142.0.7444.176, chrome: {chromedriverVersion: 142.0.7444.175 (302067f14a4..., userDataDir: C:\Users\anura\AppData\Loca...}, fedcm:accounts: true, goog:chromeOptions: {debuggerAddress: localhost:50009}, goog:processID: 30672, networkConnectionEnabled: false, pageLoadStrategy: normal, platformName: windows, proxy: Proxy(), se:cdp: ws://localhost:50009/devtoo..., se:cdpVersion: 142.0.7444.176, setWindowRect: true, strictFileInteractability: false, timeouts: {implicit: 0, pageLoad: 300000, script: 30000}, unhandledPromptBehavior: dismiss and notify, webauthn:extension:credBlob: true, webauthn:extension:largeBlob: true, webauthn:extension:minPinLength: true, webauthn:extension:prf: true, webauthn:virtualAuthenticators: true}
Session ID: 0a534a4a6f73ab521dbda01a68f8b23e
2025-12-03 14:53:41 [TestNG-tests-1] DEBUG testCases.TC001_AccountRegistrationTest - Error details: 
2025-12-03 14:53:54 [TestNG-tests-2] ERROR testCases.TC001_AccountRegistrationTest - Error occurred during registration: Unable to find element with locator By.xpath: //*[@id="top"]/div/div[2]/ul/li[2]/div/a/span
For documentation on this error, please visit: https://www.selenium.dev/documentation/webdriver/troubleshooting/errors#nosuchelementexception
Build info: version: '4.38.0', revision: '6b412e825c*'
System info: os.name: 'Windows 11', os.arch: 'amd64', os.version: '10.0', java.version: '21.0.8'
Driver info: driver.version: RemoteWebDriver
2025-12-03 14:53:54 [TestNG-tests-2] DEBUG testCases.TC001_AccountRegistrationTest - Error details: 
2025-12-03 15:08:29 [main] DEBUG org.testng.TestNG - suiteXmlPath: "C:\Users\anura\Desktop\auto_frmwrk\master.xml"
2025-12-03 15:08:29 [main] INFO  org.testng.internal.Utils - [TestNG] Running:
  C:\Users\anura\Desktop\auto_frmwrk\master.xml

2025-12-03 15:09:06 [main] DEBUG org.testng.TestNG - suiteXmlPath: "C:\Users\anura\Desktop\auto_frmwrk\master.xml"
2025-12-03 15:09:06 [main] INFO  org.testng.internal.Utils - [TestNG] Running:
  C:\Users\anura\Desktop\auto_frmwrk\master.xml

2025-12-03 15:09:09 [main] INFO  testCases.TC001_AccountRegistrationTest - ***** Starting TC001_AccountRegistrationTest *****
2025-12-03 15:09:19 [main] ERROR testCases.TC001_AccountRegistrationTest - Error occurred during registration: no such element: Unable to locate element: {"method":"xpath","selector":"//*[@id="top"]/div/div[2]/ul/li[2]/div/a/span"}
  (Session info: chrome=142.0.7444.176)
For documentation on this error, please visit: https://www.selenium.dev/documentation/webdriver/troubleshooting/errors#nosuchelementexception
Build info: version: '4.38.0', revision: '6b412e825c*'
System info: os.name: 'Windows 11', os.arch: 'amd64', os.version: '10.0', java.version: '21.0.8'
Driver info: org.openqa.selenium.chrome.ChromeDriver
Command: [910f7340fa0289cbc75cc563671687eb, findElement {value=//*[@id="top"]/div/div[2]/ul/li[2]/div/a/span, using=xpath}]
Capabilities {acceptInsecureCerts: false, browserName: chrome, browserVersion: 142.0.7444.176, chrome: {chromedriverVersion: 142.0.7444.175 (302067f14a4..., userDataDir: C:\Users\anura\AppData\Loca...}, fedcm:accounts: true, goog:chromeOptions: {debuggerAddress: localhost:55123}, goog:processID: 27664, networkConnectionEnabled: false, pageLoadStrategy: normal, platformName: windows, proxy: Proxy(), se:cdp: ws://localhost:55123/devtoo..., se:cdpVersion: 142.0.7444.176, setWindowRect: true, strictFileInteractability: false, timeouts: {implicit: 0, pageLoad: 300000, script: 30000}, unhandledPromptBehavior: dismiss and notify, webauthn:extension:credBlob: true, webauthn:extension:largeBlob: true, webauthn:extension:minPinLength: true, webauthn:extension:prf: true, webauthn:virtualAuthenticators: true}
Session ID: 910f7340fa0289cbc75cc563671687eb
